<?xml version="1.0" encoding="UTF-8"?>
<!-- Generated by org.testng.reporters.JUnitReportReporter -->
<testsuite hostname="DESKTOP-NPBENJ3" failures="0" tests="1" name="DemoTest1.TC_Login" time="10.423" errors="0" timestamp="2021-09-04T10:17:03 EDT" skipped="0">
  <testcase classname="DemoTest1.TC_Login" name="login_Test" time="10.423"/>
  <system-out/>
</testsuite> <!-- DemoTest1.TC_Login -->
